== Sinatra/1.4.5 has taken the stage on 7732 for development with backup from Thin
>> Thin web server (v1.5.1 codename Straight Razor)
>> Maximum connections set to 1024
>> Listening on localhost:7732, CTRL+C to stop
WIN32OLERuntimeError - (in OLE method `Speak': )
    OLE error code:80045063 in <Unknown>
      <No Description>
    HRESULT error code:0x80020009
      Exception occurred.:
	F:/projects/gems/tts/app.rb:26:in `method_missing'
	F:/projects/gems/tts/app.rb:26:in `block in <class:MySinatraApp>'
	c:/Ruby193/lib/ruby/gems/1.9.1/gems/sinatra-1.4.5/lib/sinatra/base.rb:1603:in `call'
	c:/Ruby193/lib/ruby/gems/1.9.1/gems/sinatra-1.4.5/lib/sinatra/base.rb:1603:in `block in compile!'
	c:/Ruby193/lib/ruby/gems/1.9.1/gems/sinatra-1.4.5/lib/sinatra/base.rb:966:in `[]'
	c:/Ruby193/lib/ruby/gems/1.9.1/gems/sinatra-1.4.5/lib/sinatra/base.rb:966:in `block (3 levels) in route!'
	c:/Ruby193/lib/ruby/gems/1.9.1/gems/sinatra-1.4.5/lib/sinatra/base.rb:985:in `route_eval'
	c:/Ruby193/lib/ruby/gems/1.9.1/gems/sinatra-1.4.5/lib/sinatra/base.rb:966:in `block (2 levels) in route!'
	c:/Ruby193/lib/ruby/gems/1.9.1/gems/sinatra-1.4.5/lib/sinatra/base.rb:1006:in `block in process_route'
	c:/Ruby193/lib/ruby/gems/1.9.1/gems/sinatra-1.4.5/lib/sinatra/base.rb:1004:in `catch'
	c:/Ruby193/lib/ruby/gems/1.9.1/gems/sinatra-1.4.5/lib/sinatra/base.rb:1004:in `process_route'
	c:/Ruby193/lib/ruby/gems/1.9.1/gems/sinatra-1.4.5/lib/sinatra/base.rb:964:in `block in route!'
	c:/Ruby193/lib/ruby/gems/1.9.1/gems/sinatra-1.4.5/lib/sinatra/base.rb:963:in `each'
	c:/Ruby193/lib/ruby/gems/1.9.1/gems/sinatra-1.4.5/lib/sinatra/base.rb:963:in `route!'
	c:/Ruby193/lib/ruby/gems/1.9.1/gems/sinatra-1.4.5/lib/sinatra/base.rb:1076:in `block in dispatch!'
	c:/Ruby193/lib/ruby/gems/1.9.1/gems/sinatra-1.4.5/lib/sinatra/base.rb:1058:in `block in invoke'
	c:/Ruby193/lib/ruby/gems/1.9.1/gems/sinatra-1.4.5/lib/sinatra/base.rb:1058:in `catch'
	c:/Ruby193/lib/ruby/gems/1.9.1/gems/sinatra-1.4.5/lib/sinatra/base.rb:1058:in `invoke'
	c:/Ruby193/lib/ruby/gems/1.9.1/gems/sinatra-1.4.5/lib/sinatra/base.rb:1073:in `dispatch!'
	c:/Ruby193/lib/ruby/gems/1.9.1/gems/sinatra-1.4.5/lib/sinatra/base.rb:898:in `block in call!'
	c:/Ruby193/lib/ruby/gems/1.9.1/gems/sinatra-1.4.5/lib/sinatra/base.rb:1058:in `block in invoke'
	c:/Ruby193/lib/ruby/gems/1.9.1/gems/sinatra-1.4.5/lib/sinatra/base.rb:1058:in `catch'
	c:/Ruby193/lib/ruby/gems/1.9.1/gems/sinatra-1.4.5/lib/sinatra/base.rb:1058:in `invoke'
	c:/Ruby193/lib/ruby/gems/1.9.1/gems/sinatra-1.4.5/lib/sinatra/base.rb:898:in `call!'
	c:/Ruby193/lib/ruby/gems/1.9.1/gems/sinatra-1.4.5/lib/sinatra/base.rb:886:in `call'
	c:/Ruby193/lib/ruby/gems/1.9.1/gems/rack-protection-1.5.3/lib/rack/protection/xss_header.rb:18:in `call'
	c:/Ruby193/lib/ruby/gems/1.9.1/gems/rack-protection-1.5.3/lib/rack/protection/path_traversal.rb:16:in `call'
	c:/Ruby193/lib/ruby/gems/1.9.1/gems/rack-protection-1.5.3/lib/rack/protection/json_csrf.rb:18:in `call'
	c:/Ruby193/lib/ruby/gems/1.9.1/gems/rack-protection-1.5.3/lib/rack/protection/base.rb:49:in `call'
	c:/Ruby193/lib/ruby/gems/1.9.1/gems/rack-protection-1.5.3/lib/rack/protection/base.rb:49:in `call'
	c:/Ruby193/lib/ruby/gems/1.9.1/gems/rack-protection-1.5.3/lib/rack/protection/frame_options.rb:31:in `call'
	c:/Ruby193/lib/ruby/gems/1.9.1/gems/rack-1.5.2/lib/rack/nulllogger.rb:9:in `call'
	c:/Ruby193/lib/ruby/gems/1.9.1/gems/rack-1.5.2/lib/rack/head.rb:11:in `call'
	c:/Ruby193/lib/ruby/gems/1.9.1/gems/sinatra-1.4.5/lib/sinatra/show_exceptions.rb:21:in `call'
	c:/Ruby193/lib/ruby/gems/1.9.1/gems/sinatra-1.4.5/lib/sinatra/base.rb:180:in `call'
	c:/Ruby193/lib/ruby/gems/1.9.1/gems/sinatra-1.4.5/lib/sinatra/base.rb:2014:in `call'
	c:/Ruby193/lib/ruby/gems/1.9.1/gems/sinatra-1.4.5/lib/sinatra/base.rb:1478:in `block in call'
	c:/Ruby193/lib/ruby/gems/1.9.1/gems/sinatra-1.4.5/lib/sinatra/base.rb:1788:in `synchronize'
	c:/Ruby193/lib/ruby/gems/1.9.1/gems/sinatra-1.4.5/lib/sinatra/base.rb:1478:in `call'
	c:/Ruby193/lib/ruby/gems/1.9.1/gems/thin-1.5.1/lib/thin/connection.rb:81:in `block in pre_process'
	c:/Ruby193/lib/ruby/gems/1.9.1/gems/thin-1.5.1/lib/thin/connection.rb:79:in `catch'
	c:/Ruby193/lib/ruby/gems/1.9.1/gems/thin-1.5.1/lib/thin/connection.rb:79:in `pre_process'
	c:/Ruby193/lib/ruby/gems/1.9.1/gems/eventmachine-1.0.3-x86-mingw32/lib/eventmachine.rb:1037:in `call'
	c:/Ruby193/lib/ruby/gems/1.9.1/gems/eventmachine-1.0.3-x86-mingw32/lib/eventmachine.rb:1037:in `block in spawn_threadpool'
	c:/Ruby193/lib/ruby/1.9.1/win32ole.rb:13:in `call'
	c:/Ruby193/lib/ruby/1.9.1/win32ole.rb:13:in `block in initialize'
